[    0.000000] Initializing cgroup subsys cpuset
[    0.000000] Initializing cgroup subsys cpu
[    0.000000] Initializing cgroup subsys cpuacct
[    0.000000] Linux version 4.4.0-176-generic (buildd@lgw01-amd64-035) (gcc version 5.4.0 20160609 (Ubuntu 5.4.0-6ubuntu1~16.04.12) ) #206-Ubuntu SMP Fri Feb 28 05:02:04 UTC 2020 (Ubuntu 4.4.0-176.206-generic 4.4.211)
[    0.000000] Command line: BOOT_IMAGE=/boot/vmlinuz-4.4.0-176-generic root=LABEL=cloudimg-rootfs ro console=tty1 console=ttyS0
[    0.000000] KERNEL supported cpus:
[    0.000000]   Intel GenuineIntel
[    0.000000]   AMD AuthenticAMD
[    0.000000]   Centaur CentaurHauls
[    0.000000] x86/fpu: xstate_offset[2]:  576, xstate_sizes[2]:  256
[    0.000000] x86/fpu: Supporting XSAVE feature 0x01: 'x87 floating point registers'
[    0.000000] x86/fpu: Supporting XSAVE feature 0x02: 'SSE registers'
[    0.000000] x86/fpu: Supporting XSAVE feature 0x04: 'AVX registers'
[    0.000000] x86/fpu: Enabled xstate features 0x7, context size is 832 bytes, using 'standard' format.
[    0.000000] e820: BIOS-provided physical RAM map:
[    0.000000] BIOS-e820: [mem 0x0000000000000000-0x000000000009fbff] usable
[    0.000000] BIOS-e820: [mem 0x000000000009fc00-0x000000000009ffff] reserved
[    0.000000] BIOS-e820: [mem 0x00000000000f0000-0x00000000000fffff] reserved
[    0.000000] BIOS-e820: [mem 0x0000000000100000-0x000000003ffeffff] usable
[    0.000000] BIOS-e820: [mem 0x000000003fff0000-0x000000003fffffff] ACPI data
[    0.000000] BIOS-e820: [mem 0x00000000fec00000-0x00000000fec00fff] reserved
[    0.000000] BIOS-e820: [mem 0x00000000fee00000-0x00000000fee00fff] reserved
[    0.000000] BIOS-e820: [mem 0x00000000fffc0000-0x00000000ffffffff] reserved
[    0.000000] NX (Execute Disable) protection: active
[    0.000000] SMBIOS 2.5 present.
[    0.000000] Hypervisor detected: KVM
[    0.000000] e820: last_pfn = 0x3fff0 max_arch_pfn = 0x400000000
[    0.000000] MTRR: Disabled
[    0.000000] x86/PAT: MTRRs disabled, skipping PAT initialization too.
[    0.000000] CPU MTRRs all blank - virtualized system.
[    0.000000] x86/PAT: Configuration [0-7]: WB  WT  UC- UC  WB  WT  UC- UC  
[    0.000000] found SMP MP-table at [mem 0x0009fff0-0x0009ffff] mapped at [ffff88000009fff0]
[    0.000000] Scanning 1 areas for low memory corruption
[    0.000000] RAMDISK: [mem 0x362e0000-0x37167fff]
[    0.000000] ACPI: Early table checksum verification disabled
[    0.000000] ACPI: RSDP 0x00000000000E0000 000024 (v02 VBOX  )
[    0.000000] ACPI: XSDT 0x000000003FFF0030 00003C (v01 VBOX   VBOXXSDT 00000001 ASL  00000061)
[    0.000000] ACPI: FACP 0x000000003FFF00F0 0000F4 (v04 VBOX   VBOXFACP 00000001 ASL  00000061)
[    0.000000] ACPI: DSDT 0x000000003FFF0470 002325 (v02 VBOX   VBOXBIOS 00000002 INTL 20100528)
[    0.000000] ACPI: FACS 0x000000003FFF0200 000040
[    0.000000] ACPI: FACS 0x000000003FFF0200 000040
[    0.000000] ACPI: APIC 0x000000003FFF0240 00005C (v02 VBOX   VBOXAPIC 00000001 ASL  00000061)
[    0.000000] ACPI: SSDT 0x000000003FFF02A0 0001CC (v01 VBOX   VBOXCPUT 00000002 INTL 20100528)
[    0.000000] No NUMA configuration found
[    0.000000] Faking a node at [mem 0x0000000000000000-0x000000003ffeffff]
[    0.000000] NODE_DATA(0) allocated [mem 0x3ffeb000-0x3ffeffff]
[    0.000000] kvm-clock: Using msrs 4b564d01 and 4b564d00
[    0.000000] kvm-clock: cpu 0, msr 0:3ffe3001, primary cpu clock
[    0.000000] kvm-clock: using sched offset of 6468952312 cycles
[    0.000000] clocksource: kvm-clock: mask: 0xffffffffffffffff max_cycles: 0x1cd42e4dffb, max_idle_ns: 881590591483 ns
[    0.000000] Zone ranges:
[    0.000000]   DMA      [mem 0x0000000000001000-0x0000000000ffffff]
[    0.000000]   DMA32    [mem 0x0000000001000000-0x000000003ffeffff]
[    0.000000]   Normal   empty
[    0.000000]   Device   empty
[    0.000000] Movable zone start for each node
[    0.000000] Early memory node ranges
[    0.000000]   node   0: [mem 0x0000000000001000-0x000000000009efff]
[    0.000000]   node   0: [mem 0x0000000000100000-0x000000003ffeffff]
[    0.000000] Initmem setup node 0 [mem 0x0000000000001000-0x000000003ffeffff]
[    0.000000] ACPI: PM-Timer IO Port: 0x4008
[    0.000000] IOAPIC[0]: apic_id 2, version 32, address 0xfec00000, GSI 0-23
[    0.000000] ACPI: INT_SRC_OVR (bus 0 bus_irq 0 global_irq 2 dfl dfl)
[    0.000000] ACPI: INT_SRC_OVR (bus 0 bus_irq 9 global_irq 9 low level)
[    0.000000] Using ACPI (MADT) for SMP configuration information
[    0.000000] smpboot: Allowing 2 CPUs, 0 hotplug CPUs
[    0.000000] PM: Registered nosave memory: [mem 0x00000000-0x00000fff]
[    0.000000] PM: Registered nosave memory: [mem 0x0009f000-0x0009ffff]
[    0.000000] PM: Registered nosave memory: [mem 0x000a0000-0x000effff]
[    0.000000] PM: Registered nosave memory: [mem 0x000f0000-0x000fffff]
[    0.000000] e820: [mem 0x40000000-0xfebfffff] available for PCI devices
[    0.000000] Booting paravirtualized kernel on KVM
[    0.000000] clocksource: refined-jiffies: mask: 0xffffffff max_cycles: 0xffffffff, max_idle_ns: 7645519600211568 ns
[    0.000000] setup_percpu: NR_CPUS:512 nr_cpumask_bits:512 nr_cpu_ids:2 nr_node_ids:1
[    0.000000] PERCPU: Embedded 33 pages/cpu @ffff88003fc00000 s95448 r8192 d31528 u1048576
[    0.000000] Built 1 zonelists in Node order, mobility grouping on.  Total pages: 257912
[    0.000000] Policy zone: DMA32
[    0.000000] Kernel command line: BOOT_IMAGE=/boot/vmlinuz-4.4.0-176-generic root=LABEL=cloudimg-rootfs ro console=tty1 console=ttyS0
[    0.000000] PID hash table entries: 4096 (order: 3, 32768 bytes)
[    0.000000] Memory: 997672K/1048120K available (8626K kernel code, 1336K rwdata, 4032K rodata, 1488K init, 1292K bss, 50448K reserved, 0K cma-reserved)
[    0.000000] SLUB: HWalign=64, Order=0-3, MinObjects=0, CPUs=2, Nodes=1
[    0.000000] Kernel/User page tables isolation: enabled
[    0.000000] Hierarchical RCU implementation.
[    0.000000] 	Build-time adjustment of leaf fanout to 64.
[    0.000000] 	RCU restricting CPUs from NR_CPUS=512 to nr_cpu_ids=2.
[    0.000000] RCU: Adjusting geometry for rcu_fanout_leaf=64, nr_cpu_ids=2
[    0.000000] NR_IRQS:33024 nr_irqs:440 16
[    0.000000] Console: colour VGA+ 80x25
[    0.000000] console [tty1] enabled
[    0.000000] console [ttyS0] enabled
[    0.000000] tsc: Detected 1599.999 MHz processor
[    0.549036] Calibrating delay loop (skipped) preset value.. 3199.99 BogoMIPS (lpj=6399996)
[    0.551785] pid_max: default: 32768 minimum: 301
[    0.556579] ACPI: Core revision 20150930
[    0.562262] ACPI: 2 ACPI AML tables successfully acquired and loaded
[    0.564751] Security Framework initialized
[    0.566244] Yama: becoming mindful.
[    0.567566] AppArmor: AppArmor initialized
[    0.569432] Dentry cache hash table entries: 131072 (order: 8, 1048576 bytes)
[    0.575954] Inode-cache hash table entries: 65536 (order: 7, 524288 bytes)
[    0.579193] Mount-cache hash table entries: 2048 (order: 2, 16384 bytes)
[    0.581487] Mountpoint-cache hash table entries: 2048 (order: 2, 16384 bytes)
[    0.585350] Initializing cgroup subsys io
[    0.586878] Initializing cgroup subsys memory
[    0.589089] Initializing cgroup subsys devices
[    0.590560] Initializing cgroup subsys freezer
[    0.592026] Initializing cgroup subsys net_cls
[    0.597048] Initializing cgroup subsys perf_event
[    0.602050] Initializing cgroup subsys net_prio
[    0.604710] Initializing cgroup subsys hugetlb
[    0.606382] Initializing cgroup subsys pids
[    0.609767] mce: CPU supports 0 MCE banks
[    0.611429] Last level iTLB entries: 4KB 64, 2MB 8, 4MB 8
[    0.613382] Last level dTLB entries: 4KB 64, 2MB 0, 4MB 0, 1GB 4
[    0.615313] Spectre V1 : Mitigation: usercopy/swapgs barriers and __user pointer sanitization
[    0.618211] Spectre V2 : Mitigation: Full generic retpoline
[    0.620912] Spectre V2 : Spectre v2 / SpectreRSB mitigation: Filling RSB on context switch
[    0.624476] Speculative Store Bypass: Vulnerable
[    0.626098] MDS: Mitigation: Clear CPU buffers
[    0.631661] Freeing SMP alternatives memory: 36K
[    0.642393] ftrace: allocating 32305 entries in 127 pages
[    0.732934] smpboot: APIC(0) Converting physical 0 to logical package 0
[    0.735318] smpboot: Max logical packages: 1
[    0.737249] x2apic enabled
[    0.739527] Switched APIC routing to physical x2apic.
[    0.742750] ..TIMER: vector=0x30 apic1=0 pin1=2 apic2=-1 pin2=-1
[    0.853365] smpboot: CPU0: Intel(R) Core(TM) i5-5250U CPU @ 1.60GHz (family: 0x6, model: 0x3d, stepping: 0x4)
[    0.858163] Performance Events: unsupported p6 CPU model 61 no PMU driver, software events only.
[    0.876503] KVM setup paravirtual spinlock
[    0.879700] x86: Booting SMP configuration:
[    0.881052] .... node  #0, CPUs:      #1
[    0.883526] kvm-clock: cpu 1, msr 0:3ffe3041, secondary cpu clock
[    0.887534] mce: CPU supports 0 MCE banks
[    0.890989] x86: Booted up 1 node, 2 CPUs
[    0.893070] smpboot: Total of 2 processors activated (6399.99 BogoMIPS)
[    0.896300] devtmpfs: initialized
[    0.899938] evm: security.selinux
[    0.901345] evm: security.SMACK64
[    0.902867] evm: security.SMACK64EXEC
[    0.905326] evm: security.SMACK64TRANSMUTE
[    0.907283] evm: security.SMACK64MMAP
[    0.909457] evm: security.ima
[    0.911139] evm: security.capability
[    0.912902] clocksource: jiffies: mask: 0xffffffff max_cycles: 0xffffffff, max_idle_ns: 7645041785100000 ns
[    0.919230] futex hash table entries: 512 (order: 3, 32768 bytes)
[    0.923958] pinctrl core: initialized pinctrl subsystem
[    0.927599] RTC time: 13:44:15, date: 03/27/20
[    0.929679] NET: Registered protocol family 16
[    0.941495] cpuidle: using governor ladder
[    0.953381] cpuidle: using governor menu
[    0.956710] PCCT header not found.
[    0.958229] ACPI: bus type PCI registered
[    0.959835] acpiphp: ACPI Hot Plug PCI Controller Driver version: 0.5
[    0.962373] PCI: Using configuration type 1 for base access
[    0.978930] ACPI: Added _OSI(Module Device)
[    0.980774] ACPI: Added _OSI(Processor Device)
[    0.982717] ACPI: Added _OSI(3.0 _SCP Extensions)
[    0.984428] ACPI: Added _OSI(Processor Aggregator Device)
[    0.988102] ACPI: Executed 1 blocks of module-level executable AML code
[    0.993790] ACPI: Interpreter enabled
[    0.995138] ACPI: (supports S0 S5)
[    0.996419] ACPI: Using IOAPIC for interrupt routing
[    0.998794] PCI: Using host bridge windows from ACPI; if necessary, use "pci=nocrs" and report a bug
[    1.008489] ACPI: PCI Root Bridge [PCI0] (domain 0000 [bus 00-ff])
[    1.010697] acpi PNP0A03:00: _OSC: OS supports [ASPM ClockPM Segments MSI]
[    1.013959] acpi PNP0A03:00: _OSC: not requesting OS control; OS requires [ExtendedConfig ASPM ClockPM MSI]
[    1.018252] acpi PNP0A03:00: fail to add MMCONFIG information, can't access extended PCI configuration space under this bridge.
[    1.023694] PCI host bridge to bus 0000:00
[    1.025573] pci_bus 0000:00: root bus resource [io  0x0000-0x0cf7 window]
[    1.028371] pci_bus 0000:00: root bus resource [io  0x0d00-0xffff window]
[    1.031050] pci_bus 0000:00: root bus resource [mem 0x000a0000-0x000bffff window]
[    1.034094] pci_bus 0000:00: root bus resource [mem 0x40000000-0xfdffffff window]
[    1.037262] pci_bus 0000:00: root bus resource [bus 00-ff]
[    1.043376] pci 0000:00:01.1: legacy IDE quirk: reg 0x10: [io  0x01f0-0x01f7]
[    1.045554] pci 0000:00:01.1: legacy IDE quirk: reg 0x14: [io  0x03f6]
[    1.048795] pci 0000:00:01.1: legacy IDE quirk: reg 0x18: [io  0x0170-0x0177]
[    1.052408] pci 0000:00:01.1: legacy IDE quirk: reg 0x1c: [io  0x0376]
[    1.102311] pci 0000:00:07.0: quirk: [io  0x4000-0x403f] claimed by PIIX4 ACPI
[    1.105832] pci 0000:00:07.0: quirk: [io  0x4100-0x410f] claimed by PIIX4 SMB
[    1.126946] ACPI: PCI Interrupt Link [LNKA] (IRQs 5 9 10 *11)
[    1.130029] ACPI: PCI Interrupt Link [LNKB] (IRQs 5 9 *10 11)
[    1.132738] ACPI: PCI Interrupt Link [LNKC] (IRQs 5 *9 10 11)
[    1.135102] ACPI: PCI Interrupt Link [LNKD] (IRQs 5 9 10 *11)
[    1.138171] ACPI: Enabled 2 GPEs in block 00 to 07
[    1.140233] vgaarb: setting as boot device: PCI:0000:00:02.0
[    1.142346] vgaarb: device added: PCI:0000:00:02.0,decodes=io+mem,owns=io+mem,locks=none
[    1.144991] vgaarb: loaded
[    1.146316] vgaarb: bridge control possible 0000:00:02.0
[    1.148520] SCSI subsystem initialized
[    1.149961] ACPI: bus type USB registered
[    1.151226] usbcore: registered new interface driver usbfs
[    1.153377] usbcore: registered new interface driver hub
[    1.155620] usbcore: registered new device driver usb
[    1.157761] PCI: Using ACPI for IRQ routing
[    1.161678] NetLabel: Initializing
[    1.162912] NetLabel:  domain hash size = 128
[    1.164854] NetLabel:  protocols = UNLABELED CIPSOv4
[    1.166502] NetLabel:  unlabeled traffic allowed by default
[    1.168579] amd_nb: Cannot enumerate AMD northbridges
[    1.170347] clocksource: Switched to clocksource kvm-clock
[    1.191575] AppArmor: AppArmor Filesystem Enabled
[    1.194196] pnp: PnP ACPI init
[    1.198060] pnp: PnP ACPI: found 3 devices
[    1.223537] clocksource: acpi_pm: mask: 0xffffff max_cycles: 0xffffff, max_idle_ns: 2085701024 ns
[    1.230524] NET: Registered protocol family 2
[    1.234628] TCP established hash table entries: 8192 (order: 4, 65536 bytes)
[    1.297509] TCP bind hash table entries: 8192 (order: 5, 131072 bytes)
[    1.329392] TCP: Hash tables configured (established 8192 bind 8192)
[    1.336325] UDP hash table entries: 512 (order: 2, 16384 bytes)
[    1.344813] UDP-Lite hash table entries: 512 (order: 2, 16384 bytes)
[    1.351921] NET: Registered protocol family 1
[    1.354849] pci 0000:00:00.0: Limiting direct PCI/PCI transfers
[    1.361255] pci 0000:00:01.0: Activating ISA DMA hang workarounds
[    1.367036] Unpacking initramfs...
[    1.839696] Freeing initrd memory: 14880K
[    1.841470] RAPL PMU detected, API unit is 2^-32 Joules, 4 fixed counters 10737418240 ms ovfl timer
[    1.844793] hw unit of domain pp0-core 2^-0 Joules
[    1.846423] hw unit of domain package 2^-0 Joules
[    1.848070] hw unit of domain dram 2^-0 Joules
[    1.849892] hw unit of domain pp1-gpu 2^-0 Joules
[    1.851797] clocksource: tsc: mask: 0xffffffffffffffff max_cycles: 0x171023f09ff, max_idle_ns: 440795233615 ns
[    1.855288] platform rtc_cmos: registered platform RTC device (no PNP device found)
[    1.858220] Scanning for low memory corruption every 60 seconds
[    1.860888] audit: initializing netlink subsys (disabled)
[    1.862573] audit: type=2000 audit(1585316663.583:1): initialized
[    1.864924] Initialise system trusted keyring
[    1.866719] HugeTLB registered 2 MB page size, pre-allocated 0 pages
[    1.870934] zbud: loaded
[    1.873754] VFS: Disk quotas dquot_6.6.0
[    1.877899] VFS: Dquot-cache hash table entries: 512 (order 0, 4096 bytes)
[    1.881091] squashfs: version 4.0 (2009/01/31) Phillip Lougher
[    1.883871] fuse init (API version 7.23)
[    1.885699] Key type big_key registered
[    1.887515] Allocating IMA MOK and blacklist keyrings.
[    1.894842] Key type asymmetric registered
[    1.896393] Asymmetric key parser 'x509' registered
[    1.898123] Block layer SCSI generic (bsg) driver version 0.4 loaded (major 249)
[    1.900856] io scheduler noop registered
[    1.902140] io scheduler deadline registered (default)
[    1.904946] io scheduler cfq registered
[    1.906704] pci_hotplug: PCI Hot Plug PCI Core version: 0.5
[    1.908904] pciehp: PCI Express Hot Plug Controller Driver version: 0.4
[    1.911471] ACPI: AC Adapter [AC] (off-line)
[    1.913340] input: Power Button as /devices/LNXSYSTM:00/LNXPWRBN:00/input/input0
[    1.916036] ACPI: Power Button [PWRF]
[    1.917585] input: Sleep Button as /devices/LNXSYSTM:00/LNXSLPBN:00/input/input1
[    1.921475] ACPI: Sleep Button [SLPF]
[    1.926401] GHES: HEST is not enabled!
[    1.926416] ACPI: Battery Slot [BAT0] (battery present)
[    1.930101] Serial: 8250/16550 driver, 32 ports, IRQ sharing enabled
[    1.954481] 00:02: ttyS0 at I/O 0x3f8 (irq = 4, base_baud = 115200) is a 16550A
[    1.967727] Linux agpgart interface v0.103
[    1.975757] loop: module loaded
[    1.979422] scsi host0: ata_piix
[    1.981283] scsi host1: ata_piix
[    1.982423] ata1: PATA max UDMA/33 cmd 0x1f0 ctl 0x3f6 bmdma 0xd000 irq 14
[    1.984941] ata2: PATA max UDMA/33 cmd 0x170 ctl 0x376 bmdma 0xd008 irq 15
[    1.987922] libphy: Fixed MDIO Bus: probed
[    1.990650] tun: Universal TUN/TAP device driver, 1.6
[    1.992393] tun: (C) 1999-2004 Max Krasnyansky <maxk@qualcomm.com>
[    1.994923] PPP generic driver version 2.4.2
[    1.997143] ehci_hcd: USB 2.0 'Enhanced' Host Controller (EHCI) Driver
[    1.999381] ehci-pci: EHCI PCI platform driver
[    2.001230] ehci-platform: EHCI generic platform driver
[    2.003179] ohci_hcd: USB 1.1 'Open' Host Controller (OHCI) Driver
[    2.006016] ohci-pci: OHCI PCI platform driver
[    2.007995] ohci-platform: OHCI generic platform driver
[    2.009969] uhci_hcd: USB Universal Host Controller Interface driver
[    2.012409] i8042: PNP: PS/2 Controller [PNP0303:PS2K,PNP0f03:PS2M] at 0x60,0x64 irq 1,12
[    2.016060] serio: i8042 KBD port at 0x60,0x64 irq 1
[    2.019114] serio: i8042 AUX port at 0x60,0x64 irq 12
[    2.022970] mousedev: PS/2 mouse device common for all mice
[    2.028594] input: AT Translated Set 2 keyboard as /devices/platform/i8042/serio0/input/input2
[    2.033176] rtc_cmos rtc_cmos: rtc core: registered rtc_cmos as rtc0
[    2.036354] rtc_cmos rtc_cmos: alarms up to one day, 114 bytes nvram
[    2.041227] i2c /dev entries driver
[    2.043017] device-mapper: uevent: version 1.0.3
[    2.045638] device-mapper: ioctl: 4.34.0-ioctl (2015-10-28) initialised: dm-devel@redhat.com
[    2.049683] ledtrig-cpu: registered to indicate activity on CPUs
[    2.053211] NET: Registered protocol family 10
[    2.056283] NET: Registered protocol family 17
[    2.058650] Key type dns_resolver registered
[    2.061624] registered taskstats version 1
[    2.063770] Loading compiled-in X.509 certificates
[    2.067159] Loaded X.509 cert 'Build time autogenerated kernel key: c2b7431ed9258328a3a0cf301f850647788d8e61'
[    2.072577] zswap: loaded using pool lzo/zbud
[    2.077869] Key type trusted registered
[    2.085951] Key type encrypted registered
[    2.090437] AppArmor: AppArmor sha1 policy hashing enabled
[    2.092570] ima: No TPM chip found, activating TPM-bypass!
[    2.094798] ima: Allocated hash algorithm: sha1
[    2.096723] evm: HMAC attrs: 0x1
[    2.099154]   Magic number: 12:74:737
[    2.100857] rtc_cmos rtc_cmos: setting system clock to 2020-03-27 13:44:16 UTC (1585316656)
[    2.104457] BIOS EDD facility v0.16 2004-Jun-25, 0 devices found
[    2.108707] EDD information not available.
[    2.171959] Freeing unused kernel memory: 1488K
[    2.175783] Write protecting the kernel read-only data: 14336k
[    2.178667] Freeing unused kernel memory: 1604K
[    2.180445] Freeing unused kernel memory: 64K
Loading, please wait...
starting version 229
[    2.206545] random: systemd-udevd: uninitialized urandom read (16 bytes read, 3 bits of entropy available)
[    2.207117] random: udevadm: uninitialized urandom read (16 bytes read, 3 bits of entropy available)
[    2.207156] random: udevadm: uninitialized urandom read (16 bytes read, 3 bits of entropy available)
[    2.224537] random: udevadm: uninitialized urandom read (16 bytes read, 3 bits of entropy available)
[    2.224737] random: udevadm: uninitialized urandom read (16 bytes read, 3 bits of entropy available)
[    2.224966] random: udevadm: uninitialized urandom read (16 bytes read, 3 bits of entropy available)
[    2.225046] random: udevadm: uninitialized urandom read (16 bytes read, 3 bits of entropy available)
[    2.225124] random: udevadm: uninitialized urandom read (16 bytes read, 3 bits of entropy available)
[    2.225213] random: udevadm: uninitialized urandom read (16 bytes read, 3 bits of entropy available)
[    2.225293] random: udevadm: uninitialized urandom read (16 bytes read, 3 bits of entropy available)
[    2.312178] e1000: Intel(R) PRO/1000 Network Driver - version 7.3.21-k8-NAPI
[    2.315145] e1000: Copyright (c) 1999-2006 Intel Corporation.
[    2.317897] Fusion MPT base driver 3.04.20
[    2.320796] Copyright (c) 1999-2008 LSI Corporation
[    2.330529] Fusion MPT SPI Host driver 3.04.20
[    2.364192] AVX2 version of gcm_enc/dec engaged.
[    2.366012] AES CTR mode by8 optimization enabled
[    2.544022] input: ImExPS/2 Generic Explorer Mouse as /devices/platform/i8042/serio1/input/input4
[    2.909487] e1000 0000:00:03.0 eth0: (PCI:33MHz:32-bit) 02:90:e9:96:cf:60
[    2.913011] e1000 0000:00:03.0 eth0: Intel(R) PRO/1000 Network Connection
[    2.917212] mptbase: ioc0: Initiating bringup
[    3.523200] ioc0: LSI53C1030 A0: Capabilities={Initiator}
[    5.905351] scsi host2: ioc0: LSI53C1030 A0, FwRev=00000000h, Ports=1, MaxQ=256, IRQ=20
[    7.860998] scsi 2:0:0:0: Direct-Access     VBOX     HARDDISK         1.0  PQ: 0 ANSI: 5
[    7.866267] scsi target2:0:0: Beginning Domain Validation
[    7.874708] scsi target2:0:0: Domain Validation skipping write tests
[    7.877153] scsi target2:0:0: Ending Domain Validation
[    7.881512] scsi target2:0:0: asynchronous
[    7.886885] scsi 2:0:1:0: Direct-Access     VBOX     HARDDISK         1.0  PQ: 0 ANSI: 5
[    7.925605] scsi target2:0:1: Beginning Domain Validation
[    7.937827] scsi target2:0:1: Domain Validation skipping write tests
[    7.945083] scsi target2:0:1: Ending Domain Validation
[    7.949793] scsi target2:0:1: asynchronous
[    7.976459] sd 2:0:0:0: Attached scsi generic sg0 type 0
[    7.983428] sd 2:0:0:0: [sda] 20971520 512-byte logical blocks: (10.7 GB/10.0 GiB)
[    7.990218] sd 2:0:0:0: [sda] Write Protect is off
[    7.996312] sd 2:0:1:0: [sdb] 20480 512-byte logical blocks: (10.5 MB/10.0 MiB)
[    8.002631] sd 2:0:1:0: Attached scsi generic sg1 type 0
[    8.010000] sd 2:0:0:0: [sda] Incomplete mode parameter data
[    8.014574] sd 2:0:0:0: [sda] Assuming drive cache: write through
[    8.019721] sd 2:0:1:0: [sdb] Write Protect is off
[    8.024781] sd 2:0:1:0: [sdb] Incomplete mode parameter data
[    8.027812] sd 2:0:1:0: [sdb] Assuming drive cache: write through
[    8.034454]  sda: sda1
[    8.042222] sd 2:0:0:0: [sda] Attached SCSI disk
[    8.048128] sd 2:0:1:0: [sdb] Attached SCSI disk
[    8.532454] e1000 0000:00:08.0 eth1: (PCI:33MHz:32-bit) 08:00:27:36:54:d1
[    8.534572] e1000 0000:00:08.0 eth1: Intel(R) PRO/1000 Network Connection
[    8.538591] e1000 0000:00:03.0 enp0s3: renamed from eth0
[    8.555551] e1000 0000:00:08.0 enp0s8: renamed from eth1
Begin: Loading essential drivers ... [   10.996662] md: linear personality registered for level -1
[   11.003349] md: multipath personality registered for level -4
[   11.012437] md: raid0 personality registered for level 0
[   11.026287] md: raid1 personality registered for level 1
[   11.102375] raid6: sse2x1   gen()  4745 MB/s
[   11.170377] raid6: sse2x1   xor()  3848 MB/s
[   11.238500] raid6: sse2x2   gen()  6407 MB/s
[   11.310767] raid6: sse2x2   xor()  4396 MB/s
[   11.382483] raid6: sse2x4   gen()  5938 MB/s
[   11.450790] raid6: sse2x4   xor()  5336 MB/s
[   11.518776] raid6: avx2x1   gen()  9038 MB/s
[   11.586757] raid6: avx2x2   gen() 14292 MB/s
[   11.654972] raid6: avx2x4   gen() 16528 MB/s
[   11.659423] raid6: using algorithm avx2x4 gen() 16528 MB/s
[   11.661307] raid6: using avx2x2 recovery algorithm
[   11.665159] xor: automatically using best checksumming function:
[   11.706307]    avx       : 19086.000 MB/sec
[   11.709926] async_tx: api initialized (async)
[   11.734521] md: raid6 personality registered for level 6
[   11.737020] md: raid5 personality registered for level 5
[   11.742452] md: raid4 personality registered for level 4
[   11.756347] md: raid10 personality registered for level 10
done.
Begin: Running /scripts/init-premount ... done.
Begin: Mounting root file system ... Begin: Running /scripts/local-top ... done.
Begin: Running /scripts/local-premount ... [   11.883887] Btrfs loaded
Scanning for Btrfs filesystems
done.
Warning: fsck not present, so skipping root file system
[   11.975438] EXT4-fs (sda1): mounted filesystem with ordered data mode. Opts: (null)
done.
Begin: Running /scripts/local-bottom ... done.
Begin: Running /scripts/init-bottom ... done.
[   12.198064] systemd[1]: systemd 229 running in system mode. (+PAM +AUDIT +SELINUX +IMA +APPARMOR +SMACK +SYSVINIT +UTMP +LIBCRYPTSETUP +GCRYPT +GNUTLS +ACL +XZ -LZ4 +SECCOMP +BLKID +ELFUTILS +KMOD -IDN)
[   12.209616] systemd[1]: Detected virtualization oracle.
[   12.213297] systemd[1]: Detected architecture x86-64.

Welcome to [1mUbuntu 16.04.6 LTS[0m!

[   12.223470] systemd[1]: Set hostname to <ubuntu>.
[   12.231765] systemd[1]: Initializing machine ID from random generator.
[   12.234490] systemd[1]: Installed transient /etc/machine-id file.
[   12.757674] systemd[1]: Listening on udev Control Socket.
[[0;32m  OK  [0m] Listening on udev Control Socket.
[   12.765079] systemd[1]: Started Forward Password Requests to Wall Directory Watch.
[[0;32m  OK  [0m] Started Forward Password Requests to Wall Directory Watch.
[   12.825732] systemd[1]: Reached target System Time Synchronized.
[[0;32m  OK  [0m] Reached target System Time Synchronized.
[   12.830387] systemd[1]: Listening on /dev/initctl Compatibility Named Pipe.
[[0;32m  OK  [0m] Listening on /dev/initctl Compatibility Named Pipe.
[   12.837123] systemd[1]: Started Trigger resolvconf update for networkd DNS.
[[0;32m  OK  [0m] Started Trigger resolvconf update for networkd DNS.
[   12.848877] systemd[1]: Reached target User and Group Name Lookups.
[[0;32m  OK  [0m] Reached target User and Group Name Lookups.
[   12.853506] systemd[1]: Created slice User and Session Slice.
[[0;32m  OK  [0m] Created slice User and Session Slice.
[   12.862095] systemd[1]: Listening on Journal Socket.
[[0;32m  OK  [0m] Listening on Journal Socket.
[   12.865669] systemd[1]: Listening on Syslog Socket.
[[0;32m  OK  [0m] Listening on Syslog Socket.
[   12.869539] systemd[1]: Listening on Device-mapper event daemon FIFOs.
[[0;32m  OK  [0m] Listening on Device-mapper event daemon FIFOs.
[   12.876632] systemd[1]: Reached target Encrypted Volumes.
[[0;32m  OK  [0m] Reached target Encrypted Volumes.
[   12.881554] systemd[1]: Listening on Journal Socket (/dev/log).
[[0;32m  OK  [0m] Listening on Journal Socket (/dev/log).
[   12.885163] systemd[1]: Listening on LVM2 poll daemon socket.
[[0;32m  OK  [0m] Listening on LVM2 poll daemon socket.
[   12.889871] systemd[1]: Reached target Swap.
[[0;32m  OK  [0m] Reached target Swap.
[   12.897796] systemd[1]: Created slice System Slice.
[[0;32m  OK  [0m] Created slice System Slice.
[   12.911058] systemd[1]: Starting Set console keymap...
         Starting Set console keymap...
[   12.916462] systemd[1]: Starting Nameserver information manager...
         Starting Nameserver information manager...
[   12.926486] systemd[1]: Mounting Huge Pages File System...
         Mounting Huge Pages File System...
[   12.936806] systemd[1]: Mounting Debug File System...
         Mounting Debug File System...
[   12.949605] systemd[1]: Starting Uncomplicated firewall...
         Starting Uncomplicated firewall...
[   12.965547] systemd[1]: Starting Create list of required static device nodes for the current kernel...
         Starting Create list of required st... nodes for the current kernel...
[   12.988275] systemd[1]: Starting Load Kernel Modules...
         Starting Load Kernel Modules...
[   13.016499] systemd[1]: Mounting POSIX Message Queue File System...
         Mounting POSIX Message Queue File System...
[   13.060215] systemd[1]: Created slice system-serial\x2dgetty.slice.
[   13.071159] Loading iSCSI transport class v2.0-870.
[[0;32m  OK  [0m] Created slice system-serial\x2dgetty.slice.
[   13.084335] systemd[1]: Listening on udev Kernel Socket.
[[0;32m  OK  [0m] Listening on udev Kernel Socket.
[   13.103563] systemd[1]: Set up automount Arbitrary Executable File Formats File System Automount Point.
[[0;32m  OK  [0m] Set up automount Arbitrary Executab...ats File System Automount Point.
[   13.134794] iscsi: registered transport (tcp)
[   13.148532] systemd[1]: Reached target Slices.
[[0;32m  OK  [0m] Reached target Slices.
[   13.176176] systemd[1]: Starting Remount Root and Kernel File Systems...
         Starting Remount Root and Kernel File Systems...
[   13.195975] systemd[1]: Listening on LVM2 metadata daemon socket.
[   13.198511] EXT4-fs (sda1): re-mounted. Opts: (null)
[[0;32m  OK  [0m] Listening on LVM2 metadata daemon socket.
[   13.223830] random: nonblocking pool is initialized
[   13.234926] systemd[1]: Starting Monitoring of LVM2 mirrors, snapshots etc. using dmeventd or progress polling...
         Starting Monitoring of LVM2 mirrors... dmeventd or progress polling...
[   13.254459] systemd[1]: Listening on Journal Audit Socket.
[[0;32m  OK  [0m] Listening on Journal Audit Socket.
[   13.270784] systemd[1]: Starting Journal Service...
         Starting Journal Service...
[   13.288698] systemd[1]: Mounted POSIX Message Queue File System.
[[0;32m  OK  [0m] Mounted POSIX Message Queue File System.
[   13.305438] systemd[1]: Mounted Huge Pages File System.
[[0;32m  OK  [0m] Mounted Huge Pages File System.
[   13.337849] iscsi: registered transport (iser)
[   13.353930] systemd[1]: Mounted Debug File System.
[[0;32m  OK  [0m] Mounted Debug File System.
[   13.371149] systemd[1]: Started Journal Service.
[[0;32m  OK  [0m] Started Journal Service.
[[0;32m  OK  [0m] Started Set console keymap.
[[0;32m  OK  [0m] Started Uncomplicated firewall.
[[0;32m  OK  [0m] Started Create list of required sta...ce nodes for the current kernel.
[[0;32m  OK  [0m] Started Load Kernel Modules.
[[0;32m  OK  [0m] Started Remount Root and Kernel File Systems.
[[0;32m  OK  [0m] Started Nameserver information manager.
[[0;32m  OK  [0m] Started LVM2 metadata daemon.
         Starting Load/Save Random Seed...
         Starting udev Coldplug all Devices...
         Starting Apply Kernel Variables...
         Mounting FUSE Control File System...
         Starting Create Static Device Nodes in /dev...
         Starting Flush Journal to Persistent Storage...
[[0;32m  OK  [0m] Mounted FUSE Control File System.
[[0;32m  OK  [0m] Started Load/Save Random Seed.
[[0;32m  OK  [0m] Started Apply Kernel Variables.
[[0;32m  OK  [0m] Started Create Static Device Nodes in /dev.
         Starting udev Kernel Device Manager...
[[0;32m  OK  [0m] Started Flush Journal to Persistent Storage.
[[0;32m  OK  [0m] Started udev Coldplug all Devices.
[[0;32m  OK  [0m] Started udev Kernel Device Manager.
[[0;32m  OK  [0m] Started Dispatch Password Requests to Console Directory Watch.
[[0;32m  OK  [0m] Started Monitoring of LVM2 mirrors,...ng dmeventd or progress polling.
[[0;32m  OK  [0m] Reached target Local File Systems (Pre).
[[0;32m  OK  [0m] Reached target Local File Systems.
         Starting Initial cloud-init job (pre-networking)...
         Starting Tell Plymouth To Write Out Runtime Data...
         Starting Set console font and keymap...
         Starting Commit a transient machine-id on disk...
         Starting LSB: AppArmor initialization...
         Starting Create Volatile Files and Directories...
[[0;32m  OK  [0m] Started Commit a transient machine-id on disk.
[[0;32m  OK  [0m] Started Tell Plymouth To Write Out Runtime Data.
[[0;32m  OK  [0m] Started Create Volatile Files and Directories.
         Starting Update UTMP about System Boot/Shutdown...
[[0;32m  OK  [0m] Started Update UTMP about System Boot/Shutdown.
[[0;32m  OK  [0m] Found device /dev/ttyS0.
[[0;32m  OK  [0m] Listening on Load/Save RF Kill Switch Status /dev/rfkill Watch.
[[0;32m  OK  [0m] Started LSB: AppArmor initialization.
[   17.158748] cloud-init[485]: Cloud-init v. 19.4-33-gbb4131a2-0ubuntu1~16.04.1 running 'init-local' at Fri, 27 Mar 2020 13:44:31 +0000. Up 16.15 seconds.
[[0;32m  OK  [0m] Started Set console font and keymap.
[[0;32m  OK  [0m] Created slice system-getty.slice.
[[0;32m  OK  [0m] Started Initial cloud-init job (pre-networking).
[[0;32m  OK  [0m] Reached target Network (Pre).
         Starting Raise network interfaces...
[[0;32m  OK  [0m] Started Raise network interfaces.
[[0;32m  OK  [0m] Reached target Network.
         Starting Initial cloud-init job (metadata service crawler)...
[   20.014130] cloud-init[971]: Cloud-init v. 19.4-33-gbb4131a2-0ubuntu1~16.04.1 running 'init' at Fri, 27 Mar 2020 13:44:33 +0000. Up 18.72 seconds.
[   20.017962] cloud-init[971]: ci-info: ++++++++++++++++++++++++++++++++++++++Net device info+++++++++++++++++++++++++++++++++++++++
[   20.022602] cloud-init[971]: ci-info: +--------+-------+----------------------------+---------------+--------+-------------------+
[   20.027756] cloud-init[971]: ci-info: | Device |   Up  |          Address           |      Mask     | Scope  |     Hw-Address    |
[   20.033458] cloud-init[971]: ci-info: +--------+-------+----------------------------+---------------+--------+-------------------+
[   20.037330] cloud-init[971]: ci-info: | enp0s3 |  True |         10.0.2.15          | 255.255.255.0 | global | 02:90:e9:96:cf:60 |
[   20.040427] cloud-init[971]: ci-info: | enp0s3 |  True | fe80::90:e9ff:fe96:cf60/64 |       .       |  link  | 02:90:e9:96:cf:60 |
[   20.053193] cloud-init[971]: ci-info: | enp0s8 | False |             .              |       .       |   .    | 08:00:27:36:54:d1 |
[   20.056737] cloud-init[971]: ci-info: |   lo   |  True |         127.0.0.1          |   255.0.0.0   |  host  |         .         |
[   20.063389] cloud-init[971]: ci-info: |   lo   |  True |          ::1/128           |       .       |  host  |         .         |
[   20.068432] cloud-init[971]: ci-info: +--------+-------+----------------------------+---------------+--------+-------------------+
[   20.071842] cloud-init[971]: ci-info: +++++++++++++++++++++++++++Route IPv4 info++++++++++++++++++++++++++++
[   20.076472] cloud-init[971]: ci-info: +-------+-------------+----------+---------------+-----------+-------+
[   20.082046] cloud-init[971]: ci-info: | Route | Destination | Gateway  |    Genmask    | Interface | Flags |
[   20.086129] cloud-init[971]: ci-info: +-------+-------------+----------+---------------+-----------+-------+
[   20.089383] cloud-init[971]: ci-info: |   0   |   0.0.0.0   | 10.0.2.2 |    0.0.0.0    |   enp0s3  |   UG  |
[   20.100933] cloud-init[971]: ci-info: |   1   |   10.0.2.0  | 0.0.0.0  | 255.255.255.0 |   enp0s3  |   U   |
[   20.104418] cloud-init[971]: ci-info: +-------+-------------+----------+---------------+-----------+-------+
[   20.107767] cloud-init[971]: ci-info: +++++++++++++++++++Route IPv6 info+++++++++++++++++++
[   20.117243] cloud-init[971]: ci-info: +-------+-------------+---------+-----------+-------+
[   20.124742] cloud-init[971]: ci-info: | Route | Destination | Gateway | Interface | Flags |
[   20.129720] cloud-init[971]: ci-info: +-------+-------------+---------+-----------+-------+
[   20.132937] cloud-init[971]: ci-info: |   0   |  fe80::/64  |    ::   |   enp0s3  |   U   |
[   20.136644] cloud-init[971]: ci-info: |   3   |   ff00::/8  |    ::   |   enp0s3  |   U   |
[   20.139867] cloud-init[971]: ci-info: +-------+-------------+---------+-----------+-------+
[   20.143820] cloud-init[971]: Generating public/private rsa key pair.
[   20.157179] cloud-init[971]: Your identification has been saved in /etc/ssh/ssh_host_rsa_key.
[   20.161900] cloud-init[971]: Your public key has been saved in /etc/ssh/ssh_host_rsa_key.pub.
[   20.167615] cloud-init[971]: The key fingerprint is:
[   20.170989] cloud-init[971]: SHA256:jvYMkai848khJ8GGG3sNZcrzzeRqD00vz1iXh6ZydGc root@ubuntu-xenial
[   20.174768] cloud-init[971]: The key's randomart image is:
[   20.180548] cloud-init[971]: +---[RSA 2048]----+
[   20.184864] cloud-init[971]: |                 |
[   20.187718] cloud-init[971]: |                 |
[   20.191104] cloud-init[971]: |    o            |
[   20.204905] cloud-init[971]: |o. + . .         |
[   20.207595] cloud-init[971]: |+o= . = S        |
[   20.220844] cloud-init[971]: |.* * B =. .oE    |
[[0;32m  OK  [0m] Started Initial cloud-init job (metadata service crawler).
[   20.231072] cloud-init[971]: |= * + X.+.=o.    |
[   20.253008] cloud-init[971]: | *.+.+.X.+ .     |
[[   20.253552] [0;32m  OK  [0mcloud-init] [971]: Reached target Network is Online.| .=o..oo*        |

[   20.253673] cloud-init[971]: +----[SHA256]-----+
[   20.267932] cloud-init[971]: Generating public/private dsa key pair.
[   20.272553] cloud-init[971]: Your identification has been saved in /etc/ssh/ssh_host_dsa_key.
         Starting iSCSI initiator daemon (iscsid)...
[[0;32m  OK  [0m] Reached target System Initialization.
[   20.306379]          cloud-initStarting Socket activation for snappy daemon.[971]: 
Your public key has been saved in /etc/ssh/ssh_host_dsa_key.pub.
[[0;32m  OK  [0m] Listening on D-Bus System Message Bus Socket.
[   20.326938] cloud-init[971]: The key fingerprint is:
[   20.337103] [[0;32m  OK  [0m] Started Message of the Day.
cloud-init[971]: SHA256:ltfUjYOQoCR3UU2SpmuxPRYpKBFan2XIAU6EXzjDIsA root@ubuntu-xenial
[[0;32m  OK  [0m] Listening on UUID daemon activation socket.
[   20.349127] cloud-init[971]: The key's randomart image is:
[   20.355344] cloud-init[971]: +---[DSA 1024]----+
         Starting LXD - unix socket.
[   20.360121] cloud-init[971]: |+  +B=+o*++=.    |
[   20.370630] cloud-init[971]: |.Eo=*=+*  +o.o o |
[   20.371352] cloud-init[971]: | ..o.=+. o .o + .|
[   20.373289] cloud-init[971]: |    o . +.oo   . |
[   20.373750] cloud-init[971]: |     .  S*...    |
[[0;32m  OK  [0m] Started Daily Cleanup of Temporary Directories.
[   20.381119] cloud-init[971]: |       .+.+      |
[   20.384541] cloud-init[971]: |       . . .     |
[   20.384907] cloud-init[971]: |                 |
[   20.386348] cloud-init[971]: |                 |
[[0;32m  OK  [0m] Started Daily apt download activities.
[[   20.387394] cloud-init[971]: +----[SHA256]-----+
[0;32m  OK  [0m] Started Daily apt upgrade and clean activities.
[[   20.391193] cloud-init[971]: Generating public/private ecdsa key pair.
[0;32m  OK  [0m] Listening on ACPID Listen Socket.
[[   20.400938] [0;32m  OK  [0mcloud-init] [971]: Reached target Timers.Your identification has been saved in /etc/ssh/ssh_host_ecdsa_key.

[   20.406335] cloud-init[971]: Your public key has been saved in /etc/ssh/ssh_host_ecdsa_key.pub.
[[0;32m  OK  [0m] Started ACPI Events Check.
[[   20.414497] cloud-init[971]: The key fingerprint is:
[0;32m  OK  [0m] Reached target Paths.
[[0;32m  OK  [0m[   20.417942] cloud-init[971]: SHA256:nTAsUesLJKoWNW5tX1x13LWBKGtf4y0vnYL+jcyzqPU root@ubuntu-xenial
[   20.420981] cloud-init[971]: The key's randomart image is:
] Reached target Cloud-config availability.
[   20.430205] cloud-init[971]: +---[ECDSA 256]---+
[   20.441722] cloud-init[971]: |      ...   ..oo+|
[   20.457051] cloud-init[971]: |       o o .....+|
[   20.467589] cloud-init[971]: |   o. o = o.   . |
[[0;32m  OK  [0m] Listening on Socket activation for snappy daemon.
[[   20.473336] cloud-init[971]: |  o.oo o.*.. o   |
[   20.480537] cloud-init[971]: | ..o o. So+ o o  |
[   20.482441] cloud-init[971]: | .o . .... . o . |
[   20.484055] cloud-init[971]: |..     ..  .. + .|
[   20.485052] cloud-init[971]: |.         ..=+o+ |[0;32m  OK  [0m] Listening on LXD - unix socket.

[   20.496118] cloud-init[971]: |         .oo.E=. |
[[0;32m  OK  [0m] Reached target Sockets.
[[0;32m  OK  [0m] Reached target Basic System.
[   20.503812] cloud-init[971]: +----[SHA256]-----+
[   20.508071] cloud-init[971]: Generating public/private ed25519 key pair.
[   20.516541] [cloud-init[0;32m  OK  [0m[971]: ] Your identification has been saved in /etc/ssh/ssh_host_ed25519_key.Started D-Bus System Message Bus.

[   20.516908] cloud-init[971]: Your public key has been saved in /etc/ssh/ssh_host_ed25519_key.pub.
[   20.535011] cloud-init[971]: The key fingerprint is:
[   20.536685] cloud-init[971]: SHA256:bRk4Jk6x1rModeY+nXvoeQxnbx2pS68FsVBfmolBabA root@ubuntu-xenial
[   20.539712] cloud-init[971]: The key's randomart image is:
[   20.542936] cloud-init[971]: +--[ED25519 256]--+
[   20.553235] cloud-init[971]: |      .   .ooo  .|
[   20.555114] cloud-init[971]: |       + . .+o.+.|
[   20.557790] cloud-init[971]: |      * O Eo..+. |
[   20.561594] cloud-init[971]: |     = B = o. o  |
[   20.567250] cloud-init[971]: |    . o S +  o  .|
[   20.569291] cloud-init[971]: |     . . o..o .o |
[   20.571001] cloud-init[971]: |        o o* o.o.|
[   20.574479] cloud-init[971]: |         ..o=.= .|
[   20.580608] cloud-init[971]: |         .+o +o. |
[   20.582733] cloud-init[971]: +----[SHA256]-----+
[[0;32m  OK  [0m] Started ACPI event daemon.
[[0;32m  OK  [0m] Started Deferred execution scheduler.
[[0;32m  OK  [0m] Started FUSE filesystem for LXC.
         Starting Accounts Service...
         Starting /etc/rc.local Compatibility...
         Starting Snappy daemon...
         Starting LSB: MD monitoring daemon...
         Starting Virtualbox guest utils...
         Starting Login Service...
         Starting Pollinate to seed the pseudo random number generator...
         Starting LSB: Record successful boot for GRUB...
[[0;32m  OK  [0m] Started Regular background program processing daemon.
         Starting System Logging Service...
         Starting LXD - container startup/shutdown...
[[0;32m  OK  [0m] Started iSCSI initiator daemon (iscsid).
[[0;32m  OK  [0m] Started /etc/rc.local Compatibility.
[[0;32m  OK  [0m] Started System Logging Service.
         Starting Login to default iSCSI targets...
[[0;32m  OK  [0m] Started Login Service.
[[0;32m  OK  [0m] Started Unattended Upgrades Shutdown.
[[0;32m  OK  [0m] Started LSB: MD monitoring daemon.
         Starting Authenticate and Authorize Users to Run Privileged Tasks...
[[0;32m  OK  [0m] Started LSB: Record successful boot for GRUB.
[[0;32m  OK  [0m] Started Login to default iSCSI targets.
[[0;32m  OK  [0m] Reached target Remote File Systems (Pre).
[[0;32m  OK  [0m] Reached target Remote File Systems.
         Starting LSB: automatic crash report generation...
         Starting LSB: Set the CPU Frequency Scaling governor to "ondemand"...
         Starting LSB: daemon to balance interrupts for SMP systems...
         Starting Permit User Sessions...
[[0;32m  OK  [0m] Started Permit User Sessions.
         Starting Terminate Plymouth Boot Screen...
         Starting Hold until boot process finishes up...
[[0;32m  OK  [0m] Started Terminate Plymouth Boot Screen.
[[0;32m  OK  [0m] Started Hold until boot process finishes up.
         Starting Set console scheme...
[[0;32m  OK  [0m] Started Serial Getty on ttyS0.
[[0;32m  OK  [0m] Started Getty on tty1.
[[0;32m  OK  [0m] Reached target Login Prompts.
[[0;32m  OK  [0m] Started Set console scheme.
[[0;32m  OK  [0m] Started Authenticate and Authorize Users to Run Privileged Tasks.
[[0;32m  OK  [0m] Started Accounts Service.
[[0;32m  OK  [0m] Started LSB: Set the CPU Frequency Scaling governor to "ondemand".
[[0;32m  OK  [0m] Started LXD - container startup/shutdown.
[[0;32m  OK  [0m] Started LSB: automatic crash report generation.
[[0;32m  OK  [0m] Started LSB: daemon to balance interrupts for SMP systems.
[[0;32m  OK  [0m] Started Virtualbox guest utils.
[[0;32m  OK  [0m] Started Snappy daemon.
         Starting Wait until snapd is fully seeded...
[[0;32m  OK  [0m] Started Pollinate to seed the pseudo random number generator.
         Starting OpenBSD Secure Shell server...
[[0;32m  OK  [0m] Started OpenBSD Secure Shell server.
[[0;32m  OK  [0m] Started Wait until snapd is fully seeded.
         Starting Apply the settings specified in cloud-config...
[[0;32m  OK  [0m] Reached target Multi-User System.
[[0;32m  OK  [0m] Reached target Graphical Interface.
         Starting Update UTMP about System Runlevel Changes...
[[0;32m  OK  [0m] Started Update UTMP about System Runlevel Changes.
[[0;32m  OK  [0m] Created slice User Slice of vagrant.
         Starting User Manager for UID 1000...
[[0;32m  OK  [0m] Started Session 1 of user vagrant.
[[0;32m  OK  [0m] Started User Manager for UID 1000.
[   27.151775] cloud-init[1327]: Generating locales (this might take a while)...

Ubuntu 16.04.6 LTS ubuntu-xenial ttyS0

ubuntu-xenial login: [   29.929191] cloud-init[1327]:   en_US.UTF-8... done
[   29.940706] cloud-init[1327]: Generation complete.
[   30.777733] cloud-init[1327]: Cloud-init v. 19.4-33-gbb4131a2-0ubuntu1~16.04.1 running 'modules:config' at Fri, 27 Mar 2020 13:44:41 +0000. Up 26.57 seconds.
ci-info: no authorized SSH keys fingerprints found for user ubuntu.
<14>Mar 27 13:44:47 ec2: 
<14>Mar 27 13:44:47 ec2: #############################################################
<14>Mar 27 13:44:47 ec2: -----BEGIN SSH HOST KEY FINGERPRINTS-----
<14>Mar 27 13:44:47 ec2: 1024 SHA256:ltfUjYOQoCR3UU2SpmuxPRYpKBFan2XIAU6EXzjDIsA root@ubuntu-xenial (DSA)
<14>Mar 27 13:44:47 ec2: 256 SHA256:nTAsUesLJKoWNW5tX1x13LWBKGtf4y0vnYL+jcyzqPU root@ubuntu-xenial (ECDSA)
<14>Mar 27 13:44:47 ec2: 256 SHA256:bRk4Jk6x1rModeY+nXvoeQxnbx2pS68FsVBfmolBabA root@ubuntu-xenial (ED25519)
<14>Mar 27 13:44:47 ec2: 2048 SHA256:jvYMkai848khJ8GGG3sNZcrzzeRqD00vz1iXh6ZydGc root@ubuntu-xenial (RSA)
<14>Mar 27 13:44:47 ec2: -----END SSH HOST KEY FINGERPRINTS-----
<14>Mar 27 13:44:47 ec2: #############################################################
-----BEGIN SSH HOST KEY KEYS-----
ecdsa-sha2-nistp256 AAAAE2VjZHNhLXNoYTItbmlzdHAyNTYAAAAIbmlzdHAyNTYAAABBBH7627uyELUHeQjVmLv8yhO0wNZVPWrqLrzt51d5kt0BfE0TbmMO/dvppgTpQehrxsY9ypd0ZGuOnioArvTD27U= root@ubuntu-xenial
ssh-ed25519 AAAAC3NzaC1lZDI1NTE5AAAAIF4U7XLsmCvNmYJTEyOxj73TWNl124iHWTtuAzsnpxfe root@ubuntu-xenial
ssh-rsa AAAAB3NzaC1yc2EAAAADAQABAAABAQDt1IsDj6wnsEU1OazwZ7m4UaMjK/VLIUqEMw9Hrtw5pHO2rjjDIPS3Sh6a8uA7z5L57h7CAHcrHokuXhc5kNTckTkstbsukMeWoQ0CxnnRSGxDxeDujRZSQseGq/mLlFBVygKSxF2mkolfDXotoFD6cVPNuxcMLcGWuKY9al2Kb9aWYJrpDViIDWxHTq3R40RaxMMa3uqVQ+QoRlCz+LQywaW9+L2iBQq/NAXOykh7iVJURxqtRVm8gT/HDTPqmsz5kHgDw08orGLH7wjtc0eZtrgdsbhS7yr91I8Ps4wafh4yXwLracpAtyW32B9JTbKQbFzXbdmvPA/Otoxdnxxh root@ubuntu-xenial
-----END SSH HOST KEY KEYS-----
[   32.230189] cloud-init[1541]: Cloud-init v. 19.4-33-gbb4131a2-0ubuntu1~16.04.1 running 'modules:final' at Fri, 27 Mar 2020 13:44:46 +0000. Up 31.92 seconds.
[   32.235923] cloud-init[1541]: ci-info: no authorized SSH keys fingerprints found for user ubuntu.
[   32.238997] cloud-init[1541]: Cloud-init v. 19.4-33-gbb4131a2-0ubuntu1~16.04.1 finished at Fri, 27 Mar 2020 13:44:47 +0000. Datasource DataSourceNoCloud [seed=/dev/sdb][dsmode=net].  Up 32.21 seconds
